<?xml version="1.0" encoding="UTF-8"?>
<!-- Generated by org.testng.reporters.JUnitXMLReporter -->
<testsuite hostname="RaselPC" ignored="1" name="Default test" tests="1" failures="0" timestamp="30 Apr 2023 00:54:31 GMT" time="5.385" errors="0">
  <testcase name="getMethod" time="5.355" classname="UnitTesting_API.common_functions"/>
  <testcase name="createData" time="0.0" classname="UnitTesting_API.common_functions">
    <ignored/>
  </testcase> <!-- createData -->
</testsuite> <!-- Default test -->
