<?xml version="1.0" encoding="UTF-8"?>
<testng-results skipped="0" failed="0" ignored="0" total="1" passed="1">
  <reporter-output>
  </reporter-output>
  <suite name="Default suite" duration-ms="2710" started-at="2022-12-13T02:30:59Z" finished-at="2022-12-13T02:31:01Z">
    <groups>
    </groups>
    <test name="Default test" duration-ms="2710" started-at="2022-12-13T02:30:59Z" finished-at="2022-12-13T02:31:01Z">
      <class name="com.practice.API.practiceAPI">
        <test-method status="PASS" signature="getRequist()[pri:0, instance:com.practice.API.practiceAPI@37271612]" name="getRequist" duration-ms="2683" started-at="2022-12-13T02:30:59Z" finished-at="2022-12-13T02:31:01Z">
          <reporter-output>
          </reporter-output>
        </test-method> <!-- getRequist -->
      </class> <!-- com.practice.API.practiceAPI -->
    </test> <!-- Default test -->
  </suite> <!-- Default suite -->
</testng-results>
