<?xml version="1.0" encoding="UTF-8"?>
<testng-results skipped="0" failed="0" ignored="0" total="1" passed="1">
  <reporter-output>
  </reporter-output>
  <suite name="Default suite" duration-ms="19927" started-at="2023-03-31T15:42:13Z" finished-at="2023-03-31T15:42:33Z">
    <groups>
      <group name="cucumber">
        <method signature="AbstractTestNGCucumberTests.runScenario(io.cucumber.testng.PickleWrapper, io.cucumber.testng.FeatureWrapper)[pri:0, instance:com.richman.runner.Runner@76ed1b7c]" name="runScenario" class="io.cucumber.testng.AbstractTestNGCucumberTests"/>
      </group> <!-- cucumber -->
    </groups>
    <test name="Default test" duration-ms="19927" started-at="2023-03-31T15:42:13Z" finished-at="2023-03-31T15:42:33Z">
      <class name="com.richman.runner.Runner">
        <test-method status="PASS" signature="setUpClass(org.testng.ITestContext)[pri:0, instance:com.richman.runner.Runner@76ed1b7c]" name="setUpClass" is-config="true" duration-ms="591" started-at="2023-03-31T15:42:13Z" finished-at="2023-03-31T15:42:14Z">
          <params>
            <param index="0">
              <value>
                <![CDATA[org.testng.TestRunner@2b9f74d0]]>
              </value>
            </param>
          </params>
          <reporter-output>
          </reporter-output>
        </test-method> <!-- setUpClass -->
        <test-method status="PASS" signature="runScenario(io.cucumber.testng.PickleWrapper, io.cucumber.testng.FeatureWrapper)[pri:0, instance:com.richman.runner.Runner@76ed1b7c]" name="runScenario" duration-ms="18349" started-at="2023-03-31T15:42:14Z" description="Runs Cucumber Scenarios" data-provider="scenarios" finished-at="2023-03-31T15:42:32Z">
          <params>
            <param index="0">
              <value>
                <![CDATA["User can be login with valid credential"]]>
              </value>
            </param>
            <param index="1">
              <value>
                <![CDATA["Testing Login functionality to the application"]]>
              </value>
            </param>
          </params>
          <reporter-output>
          </reporter-output>
        </test-method> <!-- runScenario -->
        <test-method status="PASS" signature="tearDownClass()[pri:0, instance:com.richman.runner.Runner@76ed1b7c]" name="tearDownClass" is-config="true" duration-ms="951" started-at="2023-03-31T15:42:32Z" finished-at="2023-03-31T15:42:33Z">
          <reporter-output>
          </reporter-output>
        </test-method> <!-- tearDownClass -->
      </class> <!-- com.richman.runner.Runner -->
    </test> <!-- Default test -->
  </suite> <!-- Default suite -->
</testng-results>
